Defaulting to user installation because normal site-packages is not writeable
Collecting telethon<2.0,>=1.35.0 (from -r /workspace/requirements.txt (line 2))
  Downloading Telethon-1.40.0-py3-none-any.whl.metadata (3.9 kB)
Collecting yt-dlp<2026.0,>=2024.11.4 (from -r /workspace/requirements.txt (line 3))
  Downloading yt_dlp-2025.8.11-py3-none-any.whl.metadata (175 kB)
Collecting python-dotenv<2.0,>=1.0.1 (from -r /workspace/requirements.txt (line 4))
  Downloading python_dotenv-1.1.1-py3-none-any.whl.metadata (24 kB)
Collecting fastapi>=0.104.0 (from -r /workspace/requirements.txt (line 7))
  Downloading fastapi-0.116.1-py3-none-any.whl.metadata (28 kB)
Collecting uvicorn>=0.24.0 (from uvicorn[standard]>=0.24.0->-r /workspace/requirements.txt (line 8))
  Downloading uvicorn-0.35.0-py3-none-any.whl.metadata (6.5 kB)
Collecting websockets>=12.0 (from -r /workspace/requirements.txt (line 9))
  Downloading websockets-15.0.1-cp313-cp313-manylinux_2_5_x86_64.manylinux1_x86_64.manylinux_2_17_x86_64.manylinux2014_x86_64.whl.metadata (6.8 kB)
Collecting python-multipart>=0.0.6 (from -r /workspace/requirements.txt (line 10))
  Downloading python_multipart-0.0.20-py3-none-any.whl.metadata (1.8 kB)
Collecting starlette>=0.27.0 (from -r /workspace/requirements.txt (line 11))
  Downloading starlette-0.47.2-py3-none-any.whl.metadata (6.2 kB)
Collecting sqlalchemy>=2.0.0 (from -r /workspace/requirements.txt (line 14))
  Downloading sqlalchemy-2.0.43-cp313-cp313-manylinux_2_17_x86_64.manylinux2014_x86_64.whl.metadata (9.6 kB)
Collecting alembic>=1.12.0 (from -r /workspace/requirements.txt (line 15))
  Downloading alembic-1.16.4-py3-none-any.whl.metadata (7.3 kB)
Collecting psycopg2-binary>=2.9.0 (from -r /workspace/requirements.txt (line 16))
  Downloading psycopg2_binary-2.9.10-cp313-cp313-manylinux_2_17_x86_64.manylinux2014_x86_64.whl.metadata (4.9 kB)
Collecting redis>=5.0.0 (from -r /workspace/requirements.txt (line 17))
  Downloading redis-6.4.0-py3-none-any.whl.metadata (10 kB)
Collecting motor>=3.3.0 (from -r /workspace/requirements.txt (line 18))
  Downloading motor-3.7.1-py3-none-any.whl.metadata (21 kB)
Collecting asyncpg>=0.29.0 (from -r /workspace/requirements.txt (line 19))
  Downloading asyncpg-0.30.0-cp313-cp313-manylinux_2_17_x86_64.manylinux2014_x86_64.whl.metadata (5.0 kB)
Collecting celery>=5.3.0 (from -r /workspace/requirements.txt (line 22))
  Downloading celery-5.5.3-py3-none-any.whl.metadata (22 kB)
Collecting flower>=2.0.0 (from -r /workspace/requirements.txt (line 23))
  Downloading flower-2.0.1-py2.py3-none-any.whl.metadata (4.5 kB)
Collecting aiofiles>=23.2.0 (from -r /workspace/requirements.txt (line 26))
  Downloading aiofiles-24.1.0-py3-none-any.whl.metadata (10 kB)
Collecting python-ffmpeg>=2.0.4 (from -r /workspace/requirements.txt (line 27))
  Downloading python_ffmpeg-2.0.12-py3-none-any.whl.metadata (3.2 kB)
Collecting pillow>=10.0.0 (from -r /workspace/requirements.txt (line 28))
  Downloading pillow-11.3.0-cp313-cp313-manylinux_2_27_x86_64.manylinux_2_28_x86_64.whl.metadata (9.0 kB)
Collecting opencv-python>=4.8.0 (from -r /workspace/requirements.txt (line 29))
  Downloading opencv_python-4.12.0.88-cp37-abi3-manylinux2014_x86_64.manylinux_2_17_x86_64.whl.metadata (19 kB)
Collecting psutil>=5.9.8 (from -r /workspace/requirements.txt (line 30))
  Downloading psutil-7.0.0-cp36-abi3-manylinux_2_12_x86_64.manylinux2010_x86_64.manylinux_2_17_x86_64.manylinux2014_x86_64.whl.metadata (22 kB)
Collecting aiohttp>=3.9.0 (from -r /workspace/requirements.txt (line 33))
  Downloading aiohttp-3.12.15-cp313-cp313-manylinux_2_17_x86_64.manylinux2014_x86_64.whl.metadata (7.7 kB)
Collecting httpx>=0.25.0 (from -r /workspace/requirements.txt (line 34))
  Downloading httpx-0.28.1-py3-none-any.whl.metadata (7.1 kB)
Collecting requests>=2.31.0 (from -r /workspace/requirements.txt (line 35))
  Downloading requests-2.32.4-py3-none-any.whl.metadata (4.9 kB)
Collecting cryptography>=41.0.0 (from -r /workspace/requirements.txt (line 38))
  Downloading cryptography-45.0.6-cp311-abi3-manylinux_2_34_x86_64.whl.metadata (5.7 kB)
Collecting passlib>=1.7.4 (from passlib[bcrypt]>=1.7.4->-r /workspace/requirements.txt (line 39))
  Downloading passlib-1.7.4-py2.py3-none-any.whl.metadata (1.7 kB)
Collecting python-jose>=3.3.0 (from python-jose[cryptography]>=3.3.0->-r /workspace/requirements.txt (line 40))
  Downloading python_jose-3.5.0-py2.py3-none-any.whl.metadata (5.5 kB)
Collecting prometheus-client>=0.19.0 (from -r /workspace/requirements.txt (line 43))
  Downloading prometheus_client-0.22.1-py3-none-any.whl.metadata (1.9 kB)
Collecting structlog>=23.2.0 (from -r /workspace/requirements.txt (line 44))
  Downloading structlog-25.4.0-py3-none-any.whl.metadata (7.6 kB)
Collecting sentry-sdk>=1.38.0 (from sentry-sdk[fastapi]>=1.38.0->-r /workspace/requirements.txt (line 45))
  Downloading sentry_sdk-2.35.0-py2.py3-none-any.whl.metadata (10 kB)
Collecting pydantic>=2.5.0 (from -r /workspace/requirements.txt (line 48))
  Downloading pydantic-2.11.7-py3-none-any.whl.metadata (67 kB)
Collecting pydantic-settings>=2.1.0 (from -r /workspace/requirements.txt (line 49))
  Downloading pydantic_settings-2.10.1-py3-none-any.whl.metadata (3.4 kB)
Collecting python-dateutil>=2.8.2 (from -r /workspace/requirements.txt (line 50))
  Downloading python_dateutil-2.9.0.post0-py2.py3-none-any.whl.metadata (8.4 kB)
Collecting pytz>=2023.3 (from -r /workspace/requirements.txt (line 51))
  Downloading pytz-2025.2-py2.py3-none-any.whl.metadata (22 kB)
Collecting click>=8.1.0 (from -r /workspace/requirements.txt (line 52))
  Downloading click-8.2.1-py3-none-any.whl.metadata (2.5 kB)
Collecting rich>=13.7.0 (from -r /workspace/requirements.txt (line 53))
  Downloading rich-14.1.0-py3-none-any.whl.metadata (18 kB)
Collecting aiogram>=3.4.0 (from -r /workspace/requirements.txt (line 54))
  Downloading aiogram-3.22.0-py3-none-any.whl.metadata (7.7 kB)
Collecting pytest>=7.4.0 (from -r /workspace/requirements.txt (line 57))
  Downloading pytest-8.4.1-py3-none-any.whl.metadata (7.7 kB)
Collecting pytest-asyncio>=0.21.0 (from -r /workspace/requirements.txt (line 58))
  Downloading pytest_asyncio-1.1.0-py3-none-any.whl.metadata (4.1 kB)
Collecting black>=23.11.0 (from -r /workspace/requirements.txt (line 59))
  Downloading black-25.1.0-cp313-cp313-manylinux_2_17_x86_64.manylinux2014_x86_64.manylinux_2_28_x86_64.whl.metadata (81 kB)
Collecting isort>=5.12.0 (from -r /workspace/requirements.txt (line 60))
  Downloading isort-6.0.1-py3-none-any.whl.metadata (11 kB)
Collecting flake8>=6.1.0 (from -r /workspace/requirements.txt (line 61))
  Downloading flake8-7.3.0-py2.py3-none-any.whl.metadata (3.8 kB)
Collecting mypy>=1.7.0 (from -r /workspace/requirements.txt (line 62))
  Downloading mypy-1.17.1-cp313-cp313-manylinux2014_x86_64.manylinux_2_17_x86_64.manylinux_2_28_x86_64.whl.metadata (2.2 kB)
Collecting uvloop>=0.19.0 (from -r /workspace/requirements.txt (line 65))
  Downloading uvloop-0.21.0-cp313-cp313-manylinux_2_17_x86_64.manylinux2014_x86_64.whl.metadata (4.9 kB)
Collecting orjson>=3.9.0 (from -r /workspace/requirements.txt (line 66))
  Downloading orjson-3.11.2-cp313-cp313-manylinux_2_17_x86_64.manylinux2014_x86_64.whl.metadata (1.2 kB)
Collecting ujson>=5.8.0 (from -r /workspace/requirements.txt (line 67))
  Downloading ujson-5.10.0-cp313-cp313-manylinux_2_17_x86_64.manylinux2014_x86_64.whl.metadata (9.3 kB)
Collecting pyaes (from telethon<2.0,>=1.35.0->-r /workspace/requirements.txt (line 2))
  Downloading pyaes-1.6.1.tar.gz (28 kB)
  Installing build dependencies: started
  Installing build dependencies: finished with status 'done'
  Getting requirements to build wheel: started
  Getting requirements to build wheel: finished with status 'done'
  Preparing metadata (pyproject.toml): started
  Preparing metadata (pyproject.toml): finished with status 'done'
Collecting rsa (from telethon<2.0,>=1.35.0->-r /workspace/requirements.txt (line 2))
  Downloading rsa-4.9.1-py3-none-any.whl.metadata (5.6 kB)
Collecting typing-extensions>=4.8.0 (from fastapi>=0.104.0->-r /workspace/requirements.txt (line 7))
  Downloading typing_extensions-4.14.1-py3-none-any.whl.metadata (3.0 kB)
Collecting h11>=0.8 (from uvicorn>=0.24.0->uvicorn[standard]>=0.24.0->-r /workspace/requirements.txt (line 8))
  Downloading h11-0.16.0-py3-none-any.whl.metadata (8.3 kB)
Collecting anyio<5,>=3.6.2 (from starlette>=0.27.0->-r /workspace/requirements.txt (line 11))
  Downloading anyio-4.10.0-py3-none-any.whl.metadata (4.0 kB)
Collecting greenlet>=1 (from sqlalchemy>=2.0.0->-r /workspace/requirements.txt (line 14))
  Downloading greenlet-3.2.4-cp313-cp313-manylinux_2_24_x86_64.manylinux_2_28_x86_64.whl.metadata (4.1 kB)
Collecting Mako (from alembic>=1.12.0->-r /workspace/requirements.txt (line 15))
  Downloading mako-1.3.10-py3-none-any.whl.metadata (2.9 kB)
Collecting pymongo<5.0,>=4.9 (from motor>=3.3.0->-r /workspace/requirements.txt (line 18))
  Downloading pymongo-4.14.0-cp313-cp313-manylinux_2_17_x86_64.manylinux2014_x86_64.whl.metadata (22 kB)
Collecting billiard<5.0,>=4.2.1 (from celery>=5.3.0->-r /workspace/requirements.txt (line 22))
  Downloading billiard-4.2.1-py3-none-any.whl.metadata (4.4 kB)
Collecting kombu<5.6,>=5.5.2 (from celery>=5.3.0->-r /workspace/requirements.txt (line 22))
  Downloading kombu-5.5.4-py3-none-any.whl.metadata (3.5 kB)
Collecting vine<6.0,>=5.1.0 (from celery>=5.3.0->-r /workspace/requirements.txt (line 22))
  Downloading vine-5.1.0-py3-none-any.whl.metadata (2.7 kB)
Collecting click-didyoumean>=0.3.0 (from celery>=5.3.0->-r /workspace/requirements.txt (line 22))
  Downloading click_didyoumean-0.3.1-py3-none-any.whl.metadata (3.9 kB)
Collecting click-repl>=0.2.0 (from celery>=5.3.0->-r /workspace/requirements.txt (line 22))
  Downloading click_repl-0.3.0-py3-none-any.whl.metadata (3.6 kB)
Collecting click-plugins>=1.1.1 (from celery>=5.3.0->-r /workspace/requirements.txt (line 22))
  Downloading click_plugins-1.1.1.2-py2.py3-none-any.whl.metadata (6.5 kB)
Collecting tornado<7.0.0,>=5.0.0 (from flower>=2.0.0->-r /workspace/requirements.txt (line 23))
  Downloading tornado-6.5.2-cp39-abi3-manylinux_2_5_x86_64.manylinux1_x86_64.manylinux_2_17_x86_64.manylinux2014_x86_64.whl.metadata (2.8 kB)
Collecting humanize (from flower>=2.0.0->-r /workspace/requirements.txt (line 23))
  Downloading humanize-4.12.3-py3-none-any.whl.metadata (7.8 kB)
Collecting pyee (from python-ffmpeg>=2.0.4->-r /workspace/requirements.txt (line 27))
  Downloading pyee-13.0.0-py3-none-any.whl.metadata (2.9 kB)
Collecting numpy<2.3.0,>=2 (from opencv-python>=4.8.0->-r /workspace/requirements.txt (line 29))
  Downloading numpy-2.2.6-cp313-cp313-manylinux_2_17_x86_64.manylinux2014_x86_64.whl.metadata (62 kB)
Collecting aiohappyeyeballs>=2.5.0 (from aiohttp>=3.9.0->-r /workspace/requirements.txt (line 33))
  Downloading aiohappyeyeballs-2.6.1-py3-none-any.whl.metadata (5.9 kB)
Collecting aiosignal>=1.4.0 (from aiohttp>=3.9.0->-r /workspace/requirements.txt (line 33))
  Downloading aiosignal-1.4.0-py3-none-any.whl.metadata (3.7 kB)
Collecting attrs>=17.3.0 (from aiohttp>=3.9.0->-r /workspace/requirements.txt (line 33))
  Downloading attrs-25.3.0-py3-none-any.whl.metadata (10 kB)
Collecting frozenlist>=1.1.1 (from aiohttp>=3.9.0->-r /workspace/requirements.txt (line 33))
  Downloading frozenlist-1.7.0-cp313-cp313-manylinux_2_5_x86_64.manylinux1_x86_64.manylinux_2_17_x86_64.manylinux2014_x86_64.whl.metadata (18 kB)
Collecting multidict<7.0,>=4.5 (from aiohttp>=3.9.0->-r /workspace/requirements.txt (line 33))
  Downloading multidict-6.6.4-cp313-cp313-manylinux2014_x86_64.manylinux_2_17_x86_64.manylinux_2_28_x86_64.whl.metadata (5.3 kB)
Collecting propcache>=0.2.0 (from aiohttp>=3.9.0->-r /workspace/requirements.txt (line 33))
  Downloading propcache-0.3.2-cp313-cp313-manylinux_2_17_x86_64.manylinux2014_x86_64.whl.metadata (12 kB)
Collecting yarl<2.0,>=1.17.0 (from aiohttp>=3.9.0->-r /workspace/requirements.txt (line 33))
  Downloading yarl-1.20.1-cp313-cp313-manylinux_2_17_x86_64.manylinux2014_x86_64.whl.metadata (73 kB)
Collecting certifi (from httpx>=0.25.0->-r /workspace/requirements.txt (line 34))
  Downloading certifi-2025.8.3-py3-none-any.whl.metadata (2.4 kB)
Collecting httpcore==1.* (from httpx>=0.25.0->-r /workspace/requirements.txt (line 34))
  Downloading httpcore-1.0.9-py3-none-any.whl.metadata (21 kB)
Collecting idna (from httpx>=0.25.0->-r /workspace/requirements.txt (line 34))
  Downloading idna-3.10-py3-none-any.whl.metadata (10 kB)
Collecting charset_normalizer<4,>=2 (from requests>=2.31.0->-r /workspace/requirements.txt (line 35))
  Downloading charset_normalizer-3.4.3-cp313-cp313-manylinux2014_x86_64.manylinux_2_17_x86_64.manylinux_2_28_x86_64.whl.metadata (36 kB)
Collecting urllib3<3,>=1.21.1 (from requests>=2.31.0->-r /workspace/requirements.txt (line 35))
  Downloading urllib3-2.5.0-py3-none-any.whl.metadata (6.5 kB)
Collecting cffi>=1.14 (from cryptography>=41.0.0->-r /workspace/requirements.txt (line 38))
  Downloading cffi-1.17.1-cp313-cp313-manylinux_2_17_x86_64.manylinux2014_x86_64.whl.metadata (1.5 kB)
Collecting ecdsa!=0.15 (from python-jose>=3.3.0->python-jose[cryptography]>=3.3.0->-r /workspace/requirements.txt (line 40))
  Downloading ecdsa-0.19.1-py2.py3-none-any.whl.metadata (29 kB)
Collecting pyasn1>=0.5.0 (from python-jose>=3.3.0->python-jose[cryptography]>=3.3.0->-r /workspace/requirements.txt (line 40))
  Downloading pyasn1-0.6.1-py3-none-any.whl.metadata (8.4 kB)
Collecting annotated-types>=0.6.0 (from pydantic>=2.5.0->-r /workspace/requirements.txt (line 48))
  Downloading annotated_types-0.7.0-py3-none-any.whl.metadata (15 kB)
Collecting pydantic-core==2.33.2 (from pydantic>=2.5.0->-r /workspace/requirements.txt (line 48))
  Downloading pydantic_core-2.33.2-cp313-cp313-manylinux_2_17_x86_64.manylinux2014_x86_64.whl.metadata (6.8 kB)
Collecting typing-inspection>=0.4.0 (from pydantic>=2.5.0->-r /workspace/requirements.txt (line 48))
  Downloading typing_inspection-0.4.1-py3-none-any.whl.metadata (2.6 kB)
Collecting six>=1.5 (from python-dateutil>=2.8.2->-r /workspace/requirements.txt (line 50))
  Downloading six-1.17.0-py2.py3-none-any.whl.metadata (1.7 kB)
Collecting markdown-it-py>=2.2.0 (from rich>=13.7.0->-r /workspace/requirements.txt (line 53))
  Downloading markdown_it_py-4.0.0-py3-none-any.whl.metadata (7.3 kB)
Requirement already satisfied: pygments<3.0.0,>=2.13.0 in /usr/lib/python3/dist-packages (from rich>=13.7.0->-r /workspace/requirements.txt (line 53)) (2.18.0)
Collecting magic-filter<1.1,>=1.0.12 (from aiogram>=3.4.0->-r /workspace/requirements.txt (line 54))
  Downloading magic_filter-1.0.12-py3-none-any.whl.metadata (1.5 kB)
Collecting iniconfig>=1 (from pytest>=7.4.0->-r /workspace/requirements.txt (line 57))
  Downloading iniconfig-2.1.0-py3-none-any.whl.metadata (2.7 kB)
Collecting packaging>=20 (from pytest>=7.4.0->-r /workspace/requirements.txt (line 57))
  Downloading packaging-25.0-py3-none-any.whl.metadata (3.3 kB)
Collecting pluggy<2,>=1.5 (from pytest>=7.4.0->-r /workspace/requirements.txt (line 57))
  Downloading pluggy-1.6.0-py3-none-any.whl.metadata (4.8 kB)
Collecting mypy-extensions>=0.4.3 (from black>=23.11.0->-r /workspace/requirements.txt (line 59))
  Downloading mypy_extensions-1.1.0-py3-none-any.whl.metadata (1.1 kB)
Collecting pathspec>=0.9.0 (from black>=23.11.0->-r /workspace/requirements.txt (line 59))
  Downloading pathspec-0.12.1-py3-none-any.whl.metadata (21 kB)
Collecting platformdirs>=2 (from black>=23.11.0->-r /workspace/requirements.txt (line 59))
  Downloading platformdirs-4.3.8-py3-none-any.whl.metadata (12 kB)
Collecting mccabe<0.8.0,>=0.7.0 (from flake8>=6.1.0->-r /workspace/requirements.txt (line 61))
  Downloading mccabe-0.7.0-py2.py3-none-any.whl.metadata (5.0 kB)
Collecting pycodestyle<2.15.0,>=2.14.0 (from flake8>=6.1.0->-r /workspace/requirements.txt (line 61))
  Downloading pycodestyle-2.14.0-py2.py3-none-any.whl.metadata (4.5 kB)
Collecting pyflakes<3.5.0,>=3.4.0 (from flake8>=6.1.0->-r /workspace/requirements.txt (line 61))
  Downloading pyflakes-3.4.0-py2.py3-none-any.whl.metadata (3.5 kB)
Collecting bcrypt>=3.1.0 (from passlib[bcrypt]>=1.7.4->-r /workspace/requirements.txt (line 39))
  Downloading bcrypt-4.3.0-cp39-abi3-manylinux_2_34_x86_64.whl.metadata (10 kB)
Collecting httptools>=0.6.3 (from uvicorn[standard]>=0.24.0->-r /workspace/requirements.txt (line 8))
  Downloading httptools-0.6.4-cp313-cp313-manylinux_2_5_x86_64.manylinux1_x86_64.manylinux_2_17_x86_64.manylinux2014_x86_64.whl.metadata (3.6 kB)
Requirement already satisfied: pyyaml>=5.1 in /usr/lib/python3/dist-packages (from uvicorn[standard]>=0.24.0->-r /workspace/requirements.txt (line 8)) (6.0.2)
Collecting watchfiles>=0.13 (from uvicorn[standard]>=0.24.0->-r /workspace/requirements.txt (line 8))
  Downloading watchfiles-1.1.0-cp313-cp313-manylinux_2_17_x86_64.manylinux2014_x86_64.whl.metadata (4.9 kB)
Collecting sniffio>=1.1 (from anyio<5,>=3.6.2->starlette>=0.27.0->-r /workspace/requirements.txt (line 11))
  Downloading sniffio-1.3.1-py3-none-any.whl.metadata (3.9 kB)
Collecting pycparser (from cffi>=1.14->cryptography>=41.0.0->-r /workspace/requirements.txt (line 38))
  Downloading pycparser-2.22-py3-none-any.whl.metadata (943 bytes)
Collecting prompt-toolkit>=3.0.36 (from click-repl>=0.2.0->celery>=5.3.0->-r /workspace/requirements.txt (line 22))
  Downloading prompt_toolkit-3.0.51-py3-none-any.whl.metadata (6.4 kB)
Collecting amqp<6.0.0,>=5.1.1 (from kombu<5.6,>=5.5.2->celery>=5.3.0->-r /workspace/requirements.txt (line 22))
  Downloading amqp-5.3.1-py3-none-any.whl.metadata (8.9 kB)
Collecting tzdata>=2025.2 (from kombu<5.6,>=5.5.2->celery>=5.3.0->-r /workspace/requirements.txt (line 22))
  Downloading tzdata-2025.2-py2.py3-none-any.whl.metadata (1.4 kB)
Collecting mdurl~=0.1 (from markdown-it-py>=2.2.0->rich>=13.7.0->-r /workspace/requirements.txt (line 53))
  Downloading mdurl-0.1.2-py3-none-any.whl.metadata (1.6 kB)
Collecting dnspython<3.0.0,>=1.16.0 (from pymongo<5.0,>=4.9->motor>=3.3.0->-r /workspace/requirements.txt (line 18))
  Downloading dnspython-2.7.0-py3-none-any.whl.metadata (5.8 kB)
Collecting MarkupSafe>=0.9.2 (from Mako->alembic>=1.12.0->-r /workspace/requirements.txt (line 15))
  Downloading MarkupSafe-3.0.2-cp313-cp313-manylinux_2_17_x86_64.manylinux2014_x86_64.whl.metadata (4.0 kB)
Collecting wcwidth (from prompt-toolkit>=3.0.36->click-repl>=0.2.0->celery>=5.3.0->-r /workspace/requirements.txt (line 22))
  Downloading wcwidth-0.2.13-py2.py3-none-any.whl.metadata (14 kB)
Downloading Telethon-1.40.0-py3-none-any.whl (722 kB)
   ━━━━━━━━━━━━━━━━━━━━━━━━━━━━━━━━━━━━━━━━ 722.0/722.0 kB 39.4 MB/s eta 0:00:00
Downloading yt_dlp-2025.8.11-py3-none-any.whl (3.3 MB)
   ━━━━━━━━━━━━━━━━━━━━━━━━━━━━━━━━━━━━━━━━ 3.3/3.3 MB 152.3 MB/s eta 0:00:00
Downloading python_dotenv-1.1.1-py3-none-any.whl (20 kB)
Downloading fastapi-0.116.1-py3-none-any.whl (95 kB)
Downloading uvicorn-0.35.0-py3-none-any.whl (66 kB)
Downloading websockets-15.0.1-cp313-cp313-manylinux_2_5_x86_64.manylinux1_x86_64.manylinux_2_17_x86_64.manylinux2014_x86_64.whl (182 kB)
Downloading python_multipart-0.0.20-py3-none-any.whl (24 kB)
Downloading starlette-0.47.2-py3-none-any.whl (72 kB)
Downloading sqlalchemy-2.0.43-cp313-cp313-manylinux_2_17_x86_64.manylinux2014_x86_64.whl (3.3 MB)
   ━━━━━━━━━━━━━━━━━━━━━━━━━━━━━━━━━━━━━━━━ 3.3/3.3 MB 153.0 MB/s eta 0:00:00
Downloading alembic-1.16.4-py3-none-any.whl (247 kB)
Downloading psycopg2_binary-2.9.10-cp313-cp313-manylinux_2_17_x86_64.manylinux2014_x86_64.whl (3.0 MB)
   ━━━━━━━━━━━━━━━━━━━━━━━━━━━━━━━━━━━━━━━━ 3.0/3.0 MB 139.9 MB/s eta 0:00:00
Downloading redis-6.4.0-py3-none-any.whl (279 kB)
Downloading motor-3.7.1-py3-none-any.whl (74 kB)
Downloading asyncpg-0.30.0-cp313-cp313-manylinux_2_17_x86_64.manylinux2014_x86_64.whl (3.6 MB)
   ━━━━━━━━━━━━━━━━━━━━━━━━━━━━━━━━━━━━━━━━ 3.6/3.6 MB 139.4 MB/s eta 0:00:00
Downloading celery-5.5.3-py3-none-any.whl (438 kB)
Downloading flower-2.0.1-py2.py3-none-any.whl (383 kB)
Downloading aiofiles-24.1.0-py3-none-any.whl (15 kB)
Downloading python_ffmpeg-2.0.12-py3-none-any.whl (14 kB)
Downloading pillow-11.3.0-cp313-cp313-manylinux_2_27_x86_64.manylinux_2_28_x86_64.whl (6.6 MB)
   ━━━━━━━━━━━━━━━━━━━━━━━━━━━━━━━━━━━━━━━━ 6.6/6.6 MB 150.5 MB/s eta 0:00:00
Downloading opencv_python-4.12.0.88-cp37-abi3-manylinux2014_x86_64.manylinux_2_17_x86_64.whl (67.0 MB)
   ━━━━━━━━━━━━━━━━━━━━━━━━━━━━━━━━━━━━━━━━ 67.0/67.0 MB 167.1 MB/s eta 0:00:00
Downloading psutil-7.0.0-cp36-abi3-manylinux_2_12_x86_64.manylinux2010_x86_64.manylinux_2_17_x86_64.manylinux2014_x86_64.whl (277 kB)
Downloading aiohttp-3.12.15-cp313-cp313-manylinux_2_17_x86_64.manylinux2014_x86_64.whl (1.7 MB)
   ━━━━━━━━━━━━━━━━━━━━━━━━━━━━━━━━━━━━━━━━ 1.7/1.7 MB 157.7 MB/s eta 0:00:00
Downloading httpx-0.28.1-py3-none-any.whl (73 kB)
Downloading httpcore-1.0.9-py3-none-any.whl (78 kB)
Downloading requests-2.32.4-py3-none-any.whl (64 kB)
Downloading cryptography-45.0.6-cp311-abi3-manylinux_2_34_x86_64.whl (4.5 MB)
   ━━━━━━━━━━━━━━━━━━━━━━━━━━━━━━━━━━━━━━━━ 4.5/4.5 MB 208.6 MB/s eta 0:00:00
Downloading passlib-1.7.4-py2.py3-none-any.whl (525 kB)
   ━━━━━━━━━━━━━━━━━━━━━━━━━━━━━━━━━━━━━━━━ 525.6/525.6 kB 50.5 MB/s eta 0:00:00
Downloading python_jose-3.5.0-py2.py3-none-any.whl (34 kB)
Downloading prometheus_client-0.22.1-py3-none-any.whl (58 kB)
Downloading structlog-25.4.0-py3-none-any.whl (68 kB)
Downloading sentry_sdk-2.35.0-py2.py3-none-any.whl (363 kB)
Downloading pydantic-2.11.7-py3-none-any.whl (444 kB)
Downloading pydantic_core-2.33.2-cp313-cp313-manylinux_2_17_x86_64.manylinux2014_x86_64.whl (2.0 MB)
   ━━━━━━━━━━━━━━━━━━━━━━━━━━━━━━━━━━━━━━━━ 2.0/2.0 MB 133.2 MB/s eta 0:00:00
Downloading pydantic_settings-2.10.1-py3-none-any.whl (45 kB)
Downloading python_dateutil-2.9.0.post0-py2.py3-none-any.whl (229 kB)
Downloading pytz-2025.2-py2.py3-none-any.whl (509 kB)
Downloading click-8.2.1-py3-none-any.whl (102 kB)
Downloading rich-14.1.0-py3-none-any.whl (243 kB)
Downloading aiogram-3.22.0-py3-none-any.whl (698 kB)
   ━━━━━━━━━━━━━━━━━━━━━━━━━━━━━━━━━━━━━━━━ 698.2/698.2 kB 86.7 MB/s eta 0:00:00
Downloading pytest-8.4.1-py3-none-any.whl (365 kB)
Downloading pytest_asyncio-1.1.0-py3-none-any.whl (15 kB)
Downloading black-25.1.0-cp313-cp313-manylinux_2_17_x86_64.manylinux2014_x86_64.manylinux_2_28_x86_64.whl (1.8 MB)
   ━━━━━━━━━━━━━━━━━━━━━━━━━━━━━━━━━━━━━━━━ 1.8/1.8 MB 175.1 MB/s eta 0:00:00
Downloading isort-6.0.1-py3-none-any.whl (94 kB)
Downloading flake8-7.3.0-py2.py3-none-any.whl (57 kB)
Downloading mypy-1.17.1-cp313-cp313-manylinux2014_x86_64.manylinux_2_17_x86_64.manylinux_2_28_x86_64.whl (12.7 MB)
   ━━━━━━━━━━━━━━━━━━━━━━━━━━━━━━━━━━━━━━━━ 12.7/12.7 MB 148.6 MB/s eta 0:00:00
Downloading uvloop-0.21.0-cp313-cp313-manylinux_2_17_x86_64.manylinux2014_x86_64.whl (4.7 MB)
   ━━━━━━━━━━━━━━━━━━━━━━━━━━━━━━━━━━━━━━━━ 4.7/4.7 MB 125.4 MB/s eta 0:00:00
Downloading orjson-3.11.2-cp313-cp313-manylinux_2_17_x86_64.manylinux2014_x86_64.whl (121 kB)
Downloading ujson-5.10.0-cp313-cp313-manylinux_2_17_x86_64.manylinux2014_x86_64.whl (53 kB)
Downloading aiohappyeyeballs-2.6.1-py3-none-any.whl (15 kB)
Downloading aiosignal-1.4.0-py3-none-any.whl (7.5 kB)
Downloading annotated_types-0.7.0-py3-none-any.whl (13 kB)
Downloading anyio-4.10.0-py3-none-any.whl (107 kB)
Downloading attrs-25.3.0-py3-none-any.whl (63 kB)
Downloading bcrypt-4.3.0-cp39-abi3-manylinux_2_34_x86_64.whl (284 kB)
Downloading billiard-4.2.1-py3-none-any.whl (86 kB)
Downloading certifi-2025.8.3-py3-none-any.whl (161 kB)
Downloading cffi-1.17.1-cp313-cp313-manylinux_2_17_x86_64.manylinux2014_x86_64.whl (479 kB)
Downloading charset_normalizer-3.4.3-cp313-cp313-manylinux2014_x86_64.manylinux_2_17_x86_64.manylinux_2_28_x86_64.whl (151 kB)
Downloading click_didyoumean-0.3.1-py3-none-any.whl (3.6 kB)
Downloading click_plugins-1.1.1.2-py2.py3-none-any.whl (11 kB)
Downloading click_repl-0.3.0-py3-none-any.whl (10 kB)
Downloading ecdsa-0.19.1-py2.py3-none-any.whl (150 kB)
Downloading frozenlist-1.7.0-cp313-cp313-manylinux_2_5_x86_64.manylinux1_x86_64.manylinux_2_17_x86_64.manylinux2014_x86_64.whl (232 kB)
Downloading greenlet-3.2.4-cp313-cp313-manylinux_2_24_x86_64.manylinux_2_28_x86_64.whl (610 kB)
   ━━━━━━━━━━━━━━━━━━━━━━━━━━━━━━━━━━━━━━━━ 610.5/610.5 kB 45.2 MB/s eta 0:00:00
Downloading h11-0.16.0-py3-none-any.whl (37 kB)
Downloading httptools-0.6.4-cp313-cp313-manylinux_2_5_x86_64.manylinux1_x86_64.manylinux_2_17_x86_64.manylinux2014_x86_64.whl (473 kB)
Downloading idna-3.10-py3-none-any.whl (70 kB)
Downloading iniconfig-2.1.0-py3-none-any.whl (6.0 kB)
Downloading kombu-5.5.4-py3-none-any.whl (210 kB)
Downloading vine-5.1.0-py3-none-any.whl (9.6 kB)
Downloading magic_filter-1.0.12-py3-none-any.whl (11 kB)
Downloading markdown_it_py-4.0.0-py3-none-any.whl (87 kB)
Downloading mccabe-0.7.0-py2.py3-none-any.whl (7.3 kB)
Downloading multidict-6.6.4-cp313-cp313-manylinux2014_x86_64.manylinux_2_17_x86_64.manylinux_2_28_x86_64.whl (254 kB)
Downloading mypy_extensions-1.1.0-py3-none-any.whl (5.0 kB)
Downloading numpy-2.2.6-cp313-cp313-manylinux_2_17_x86_64.manylinux2014_x86_64.whl (16.5 MB)
   ━━━━━━━━━━━━━━━━━━━━━━━━━━━━━━━━━━━━━━━━ 16.5/16.5 MB 166.9 MB/s eta 0:00:00
Downloading packaging-25.0-py3-none-any.whl (66 kB)
Downloading pathspec-0.12.1-py3-none-any.whl (31 kB)
Downloading platformdirs-4.3.8-py3-none-any.whl (18 kB)
Downloading pluggy-1.6.0-py3-none-any.whl (20 kB)
Downloading propcache-0.3.2-cp313-cp313-manylinux_2_17_x86_64.manylinux2014_x86_64.whl (206 kB)
Downloading pyasn1-0.6.1-py3-none-any.whl (83 kB)
Downloading pycodestyle-2.14.0-py2.py3-none-any.whl (31 kB)
Downloading pyflakes-3.4.0-py2.py3-none-any.whl (63 kB)
Downloading pymongo-4.14.0-cp313-cp313-manylinux_2_17_x86_64.manylinux2014_x86_64.whl (2.0 MB)
   ━━━━━━━━━━━━━━━━━━━━━━━━━━━━━━━━━━━━━━━━ 2.0/2.0 MB 149.5 MB/s eta 0:00:00
Downloading rsa-4.9.1-py3-none-any.whl (34 kB)
Downloading six-1.17.0-py2.py3-none-any.whl (11 kB)
Downloading tornado-6.5.2-cp39-abi3-manylinux_2_5_x86_64.manylinux1_x86_64.manylinux_2_17_x86_64.manylinux2014_x86_64.whl (443 kB)
Downloading typing_extensions-4.14.1-py3-none-any.whl (43 kB)
Downloading typing_inspection-0.4.1-py3-none-any.whl (14 kB)
Downloading urllib3-2.5.0-py3-none-any.whl (129 kB)
Downloading watchfiles-1.1.0-cp313-cp313-manylinux_2_17_x86_64.manylinux2014_x86_64.whl (451 kB)
Downloading yarl-1.20.1-cp313-cp313-manylinux_2_17_x86_64.manylinux2014_x86_64.whl (352 kB)
Downloading humanize-4.12.3-py3-none-any.whl (128 kB)
Downloading mako-1.3.10-py3-none-any.whl (78 kB)
Downloading pyee-13.0.0-py3-none-any.whl (15 kB)
Downloading amqp-5.3.1-py3-none-any.whl (50 kB)
Downloading dnspython-2.7.0-py3-none-any.whl (313 kB)
Downloading MarkupSafe-3.0.2-cp313-cp313-manylinux_2_17_x86_64.manylinux2014_x86_64.whl (23 kB)
Downloading mdurl-0.1.2-py3-none-any.whl (10.0 kB)
Downloading prompt_toolkit-3.0.51-py3-none-any.whl (387 kB)
Downloading sniffio-1.3.1-py3-none-any.whl (10 kB)
Downloading tzdata-2025.2-py2.py3-none-any.whl (347 kB)
Downloading pycparser-2.22-py3-none-any.whl (117 kB)
Downloading wcwidth-0.2.13-py2.py3-none-any.whl (34 kB)
Building wheels for collected packages: pyaes
  Building wheel for pyaes (pyproject.toml): started
  Building wheel for pyaes (pyproject.toml): finished with status 'done'
  Created wheel for pyaes: filename=pyaes-1.6.1-py3-none-any.whl size=26422 sha256=04ecec22f40a2e507e769313b3d0e79d38ada515b97db6fbe345886b98f30161
  Stored in directory: /home/ubuntu/.cache/pip/wheels/cf/2b/cc/2cd1fc992150692e118eb782ca44536ebc2b566823353085ba
Successfully built pyaes
Installing collected packages: wcwidth, pytz, pyaes, passlib, yt-dlp, websockets, vine, uvloop, urllib3, ujson, tzdata, typing-extensions, tornado, structlog, sniffio, six, redis, python-multipart, python-dotenv, pyflakes, pycparser, pycodestyle, pyasn1, psycopg2-binary, psutil, propcache, prompt-toolkit, prometheus-client, pluggy, platformdirs, pillow, pathspec, packaging, orjson, numpy, mypy-extensions, multidict, mdurl, mccabe, MarkupSafe, magic-filter, isort, iniconfig, idna, humanize, httptools, h11, greenlet, frozenlist, dnspython, click, charset_normalizer, certifi, billiard, bcrypt, attrs, asyncpg, annotated-types, aiohappyeyeballs, aiofiles, yarl, uvicorn, typing-inspection, sqlalchemy, sentry-sdk, rsa, requests, python-dateutil, pytest, pymongo, pyee, pydantic-core, opencv-python, mypy, markdown-it-py, Mako, httpcore, flake8, ecdsa, click-repl, click-plugins, click-didyoumean, cffi, black, anyio, amqp, aiosignal, watchfiles, telethon, starlette, rich, python-jose, python-ffmpeg, pytest-asyncio, pydantic, motor, kombu, httpx, cryptography, alembic, aiohttp, pydantic-settings, fastapi, celery, aiogram, flower
  WARNING: The script yt-dlp is installed in '/home/ubuntu/.local/bin' which is not on PATH.
  Consider adding this directory to PATH or, if you prefer to suppress this warning, use --no-warn-script-location.
  WARNING: The script websockets is installed in '/home/ubuntu/.local/bin' which is not on PATH.
  Consider adding this directory to PATH or, if you prefer to suppress this warning, use --no-warn-script-location.
  WARNING: The script dotenv is installed in '/home/ubuntu/.local/bin' which is not on PATH.
  Consider adding this directory to PATH or, if you prefer to suppress this warning, use --no-warn-script-location.
  WARNING: The script pyflakes is installed in '/home/ubuntu/.local/bin' which is not on PATH.
  Consider adding this directory to PATH or, if you prefer to suppress this warning, use --no-warn-script-location.
  WARNING: The script pycodestyle is installed in '/home/ubuntu/.local/bin' which is not on PATH.
  Consider adding this directory to PATH or, if you prefer to suppress this warning, use --no-warn-script-location.
  WARNING: The scripts f2py and numpy-config are installed in '/home/ubuntu/.local/bin' which is not on PATH.
  Consider adding this directory to PATH or, if you prefer to suppress this warning, use --no-warn-script-location.
  WARNING: The scripts isort and isort-identify-imports are installed in '/home/ubuntu/.local/bin' which is not on PATH.
  Consider adding this directory to PATH or, if you prefer to suppress this warning, use --no-warn-script-location.
  WARNING: The script normalizer is installed in '/home/ubuntu/.local/bin' which is not on PATH.
  Consider adding this directory to PATH or, if you prefer to suppress this warning, use --no-warn-script-location.
  WARNING: The script uvicorn is installed in '/home/ubuntu/.local/bin' which is not on PATH.
  Consider adding this directory to PATH or, if you prefer to suppress this warning, use --no-warn-script-location.
  WARNING: The scripts pyrsa-decrypt, pyrsa-encrypt, pyrsa-keygen, pyrsa-priv2pub, pyrsa-sign and pyrsa-verify are installed in '/home/ubuntu/.local/bin' which is not on PATH.
  Consider adding this directory to PATH or, if you prefer to suppress this warning, use --no-warn-script-location.
  WARNING: The scripts py.test and pytest are installed in '/home/ubuntu/.local/bin' which is not on PATH.
  Consider adding this directory to PATH or, if you prefer to suppress this warning, use --no-warn-script-location.
  WARNING: The scripts dmypy, mypy, mypyc, stubgen and stubtest are installed in '/home/ubuntu/.local/bin' which is not on PATH.
  Consider adding this directory to PATH or, if you prefer to suppress this warning, use --no-warn-script-location.
  WARNING: The script markdown-it is installed in '/home/ubuntu/.local/bin' which is not on PATH.
  Consider adding this directory to PATH or, if you prefer to suppress this warning, use --no-warn-script-location.
  WARNING: The script mako-render is installed in '/home/ubuntu/.local/bin' which is not on PATH.
  Consider adding this directory to PATH or, if you prefer to suppress this warning, use --no-warn-script-location.
  WARNING: The script flake8 is installed in '/home/ubuntu/.local/bin' which is not on PATH.
  Consider adding this directory to PATH or, if you prefer to suppress this warning, use --no-warn-script-location.
  WARNING: The scripts black and blackd are installed in '/home/ubuntu/.local/bin' which is not on PATH.
  Consider adding this directory to PATH or, if you prefer to suppress this warning, use --no-warn-script-location.
  WARNING: The script watchfiles is installed in '/home/ubuntu/.local/bin' which is not on PATH.
  Consider adding this directory to PATH or, if you prefer to suppress this warning, use --no-warn-script-location.
  WARNING: The script httpx is installed in '/home/ubuntu/.local/bin' which is not on PATH.
  Consider adding this directory to PATH or, if you prefer to suppress this warning, use --no-warn-script-location.
  WARNING: The script alembic is installed in '/home/ubuntu/.local/bin' which is not on PATH.
  Consider adding this directory to PATH or, if you prefer to suppress this warning, use --no-warn-script-location.
  WARNING: The script fastapi is installed in '/home/ubuntu/.local/bin' which is not on PATH.
  Consider adding this directory to PATH or, if you prefer to suppress this warning, use --no-warn-script-location.
  WARNING: The script celery is installed in '/home/ubuntu/.local/bin' which is not on PATH.
  Consider adding this directory to PATH or, if you prefer to suppress this warning, use --no-warn-script-location.
Successfully installed Mako-1.3.10 MarkupSafe-3.0.2 aiofiles-24.1.0 aiogram-3.22.0 aiohappyeyeballs-2.6.1 aiohttp-3.12.15 aiosignal-1.4.0 alembic-1.16.4 amqp-5.3.1 annotated-types-0.7.0 anyio-4.10.0 asyncpg-0.30.0 attrs-25.3.0 bcrypt-4.3.0 billiard-4.2.1 black-25.1.0 celery-5.5.3 certifi-2025.8.3 cffi-1.17.1 charset_normalizer-3.4.3 click-8.2.1 click-didyoumean-0.3.1 click-plugins-1.1.1.2 click-repl-0.3.0 cryptography-45.0.6 dnspython-2.7.0 ecdsa-0.19.1 fastapi-0.116.1 flake8-7.3.0 flower-2.0.1 frozenlist-1.7.0 greenlet-3.2.4 h11-0.16.0 httpcore-1.0.9 httptools-0.6.4 httpx-0.28.1 humanize-4.12.3 idna-3.10 iniconfig-2.1.0 isort-6.0.1 kombu-5.5.4 magic-filter-1.0.12 markdown-it-py-4.0.0 mccabe-0.7.0 mdurl-0.1.2 motor-3.7.1 multidict-6.6.4 mypy-1.17.1 mypy-extensions-1.1.0 numpy-2.2.6 opencv-python-4.12.0.88 orjson-3.11.2 packaging-25.0 passlib-1.7.4 pathspec-0.12.1 pillow-11.3.0 platformdirs-4.3.8 pluggy-1.6.0 prometheus-client-0.22.1 prompt-toolkit-3.0.51 propcache-0.3.2 psutil-7.0.0 psycopg2-binary-2.9.10 pyaes-1.6.1 pyasn1-0.6.1 pycodestyle-2.14.0 pycparser-2.22 pydantic-2.11.7 pydantic-core-2.33.2 pydantic-settings-2.10.1 pyee-13.0.0 pyflakes-3.4.0 pymongo-4.14.0 pytest-8.4.1 pytest-asyncio-1.1.0 python-dateutil-2.9.0.post0 python-dotenv-1.1.1 python-ffmpeg-2.0.12 python-jose-3.5.0 python-multipart-0.0.20 pytz-2025.2 redis-6.4.0 requests-2.32.4 rich-14.1.0 rsa-4.9.1 sentry-sdk-2.35.0 six-1.17.0 sniffio-1.3.1 sqlalchemy-2.0.43 starlette-0.47.2 structlog-25.4.0 telethon-1.40.0 tornado-6.5.2 typing-extensions-4.14.1 typing-inspection-0.4.1 tzdata-2025.2 ujson-5.10.0 urllib3-2.5.0 uvicorn-0.35.0 uvloop-0.21.0 vine-5.1.0 watchfiles-1.1.0 wcwidth-0.2.13 websockets-15.0.1 yarl-1.20.1 yt-dlp-2025.8.11
